{"logTime": "1017/151522", "correlationVector":"rWX2qxy/OyW9bFytXlElwb.1","action":"SyncServerConnectionManagerRequest", "result":"SYNC_SERVER_OK", "context":{"environment":"Prod_southeastasia_prod-s01-065-apac-southeastasia", "migrationStage":"NotStarted", "server":"akswtt104000003"}}
{"logTime": "1017/151522", "correlationVector":"rWX2qxy/OyW9bFytXlElwb.2","action":"ProcessGetUpdates", "result":"Done", "context":{"dataType":"Encryption Keys", "deleted":"0", "process_failed_to_decrypt":"0", "process_pending_decryption":"0", "process_success":"1", "total":"1"}}
{"logTime": "1017/151524", "correlationVector":"0BwRfKNHVeRjxwy9J4AvId","action":"SyncServerConnectionManagerRequest", "result":"SYNC_SERVER_OK", "context":{"environment":"", "migrationStage":"", "server":""}}
{"logTime": "1017/151524", "correlationVector":"0BwRfKNHVeRjxwy9J4AvId.0","action":"EncryptionKeysFetcher.DownloadKeys:", "result":"Success", "context":Key count: 8, Last key timestamp: 2025-08-08T16:25:21Z}
{"logTime": "1017/151524", "correlationVector":"0BwRfKNHVeRjxwy9J4AvId.1","action":"EncryptionKeysManager::SetEncryptionKeys:", "result":"Success", "context":Key names[8]:[ZBqXwDM0Q3VGuPtlddyInJLCVMWegDMWwnS5ydzy6fEGKLOOldYMAD64is6BCOrgKWZp3rid3PpZOuad4b32OA==][HTTdKHpSCocCECw34Bhrj8PMW6H54QwAYS+2jGWpgAesJXwsAB7/JpsWXBVFfHr9eVIk9Mu9YXMC7hiDFM0W9g==][K6ane2FkEP8ahWWB+fwrVvOHaLyy2oQ96/ghYh/cXRO9XROfxwqp5Syt5XBkkIVE5+sggGPkFG8AkxX4Bim0Fw==][YfQvnEqo7cXYPM9jo6ppeLyhjsH1NafFzwm2bbTTm3ewd5lfOXlGth3p2rrcQE0zzUUrPbbARDwWC8zrfV6QNg==][eiy8nvZyh06wDavEzB5+XeQhedQxeakpD3xQ/DBPND4C7Nm2pQhoJIFue9SEvNX+owHzRfykOGCbPKvAQUy7lg==][WLnIcmtOYBP8X62fZNjCJkZFzTHr8V6NY49k+DtrKu1NFDlFCWV0FS6MwLGLQ7+5FdHBG96mOqvpM6Ea5Tr2vA==][DBLIVrWaHVX1LVALytOBLWm7kZG93K+zirsDO0ysBQLKxGn8LnZSkRKEoDeEHHD8/d1XqivaugV1oOUIn/YDmQ==][ewclESRX2DiLPqyB+XsX1tuEG2sjCBIkJ+u5ovJzNv9JF529an1C/o7NMrrHPqbGLAJyhuDi66uC07xMUVP44w==]}
{"logTime": "1017/151524", "correlationVector":"0BwRfKNHVeRjxwy9J4AvId.2","action":"EncryptionKeysManager::SetEncryptionKeysWithTimestamps:", "result":"Success", "context":Key timestamps[8]:[2021-05-29T00:23:13Z][2022-01-11T14:07:17Z][2022-07-11T06:56:02Z][2023-10-04T07:06:39Z][2024-04-01T12:11:46Z][2024-10-09T21:02:24Z][2025-01-26T06:03:18Z][2025-08-08T16:25:21Z]}
{"logTime": "1017/151524", "correlationVector":"rWX2qxy/OyW9bFytXlElwb","action":"Initial GetUpdates", "result":"", "context":Reason: NEW_CLIENT. cV=rWX2qxy/OyW9bFytXlElwb}
{"logTime": "1017/151524", "correlationVector":"rWX2qxy/OyW9bFytXlElwb.3","action":"GetUpdates Response", "result":"Success", "context":Received 1 update(s). cV=rWX2qxy/OyW9bFytXlElwb.0;server=akswtt104000003;cloudType=Consumer;environment=Prod_southeastasia_prod-s01-065-apac-southeastasia;migrationStage=NotStarted}
{"logTime": "1017/151524", "correlationVector":"nQycMt5MwMulVQ29viGj9U","action":"Initial GetUpdates", "result":"", "context":Reason: NEWLY_SUPPORTED_DATATYPE. cV=nQycMt5MwMulVQ29viGj9U}
{"logTime": "1017/151525", "correlationVector":"nQycMt5MwMulVQ29viGj9U.1","action":"SyncServerConnectionManagerRequest", "result":"SYNC_SERVER_OK", "context":{"environment":"Prod_southeastasia_prod-s01-065-apac-southeastasia", "migrationStage":"NotStarted", "server":"akswtt10400000j"}}
{"logTime": "1017/151526", "correlationVector":"nQycMt5MwMulVQ29viGj9U.2","action":"ProcessGetUpdates", "result":"Done", "context":{"dataType":"Preferences", "deleted":"0", "process_failed_to_decrypt":"0", "process_pending_decryption":"0", "process_success":"93", "total":"93"}}
{"logTime": "1017/151526", "correlationVector":"nQycMt5MwMulVQ29viGj9U.3","action":"ProcessGetUpdates", "result":"Done", "context":{"dataType":"Passwords", "deleted":"3", "process_failed_to_decrypt":"0", "process_pending_decryption":"0", "process_success":"122", "total":"122"}}
{"logTime": "1017/151526", "correlationVector":"nQycMt5MwMulVQ29viGj9U.4","action":"ProcessGetUpdates", "result":"Done", "context":{"dataType":"Device Info", "deleted":"0", "process_failed_to_decrypt":"0", "process_pending_decryption":"0", "process_success":"14", "total":"14"}}
{"logTime": "1017/151526", "correlationVector":"nQycMt5MwMulVQ29viGj9U.5","action":"GetUpdates Response", "result":"Success", "context":Received 229 update(s). cV=nQycMt5MwMulVQ29viGj9U.0;server=akswtt10400000j;cloudType=Consumer;environment=Prod_southeastasia_prod-s01-065-apac-southeastasia;migrationStage=NotStarted}
{"logTime": "1017/151526", "correlationVector":"C1fZEGhWSLHdwzQx5hUyLx","action":"Initial GetUpdates", "result":"", "context":Reason: NEWLY_SUPPORTED_DATATYPE. cV=C1fZEGhWSLHdwzQx5hUyLx}
{"logTime": "1017/151527", "correlationVector":"C1fZEGhWSLHdwzQx5hUyLx.1","action":"SyncServerConnectionManagerRequest", "result":"SYNC_SERVER_OK", "context":{"environment":"Prod_southeastasia_prod-s01-064-apac-southeastasia", "migrationStage":"NotStarted", "server":"akswtt104000013"}}
{"logTime": "1017/151527", "correlationVector":"C1fZEGhWSLHdwzQx5hUyLx.2","action":"ProcessGetUpdates", "result":"Done", "context":{"dataType":"Bookmarks", "deleted":"0", "process_failed_to_decrypt":"0", "process_pending_decryption":"0", "process_success":"108", "total":"108"}}
{"logTime": "1017/151527", "correlationVector":"C1fZEGhWSLHdwzQx5hUyLx.3","action":"GetUpdates Response", "result":"Success", "context":Received 108 update(s). cV=C1fZEGhWSLHdwzQx5hUyLx.0;server=akswtt104000013;cloudType=Consumer;environment=Prod_southeastasia_prod-s01-064-apac-southeastasia;migrationStage=NotStarted}
{"logTime": "1017/151527", "correlationVector":"OIwzXtBP+LYGbPB0VKBrHA","action":"Initial GetUpdates", "result":"", "context":Reason: NEWLY_SUPPORTED_DATATYPE. cV=OIwzXtBP+LYGbPB0VKBrHA}
{"logTime": "1017/151528", "correlationVector":"OIwzXtBP+LYGbPB0VKBrHA.1","action":"SyncServerConnectionManagerRequest", "result":"SYNC_SERVER_OK", "context":{"environment":"Prod_southeastasia_prod-s01-064-apac-southeastasia", "migrationStage":"NotStarted", "server":"akswtt104000001"}}
{"logTime": "1017/151528", "correlationVector":"OIwzXtBP+LYGbPB0VKBrHA.2","action":"ProcessGetUpdates", "result":"Done", "context":{"dataType":"Autofill", "deleted":"0", "process_failed_to_decrypt":"0", "process_pending_decryption":"0", "process_success":"241", "total":"241"}}
{"logTime": "1017/151528", "correlationVector":"OIwzXtBP+LYGbPB0VKBrHA.3","action":"ProcessGetUpdates", "result":"Done", "context":{"dataType":"Extensions", "deleted":"0", "process_failed_to_decrypt":"0", "process_pending_decryption":"0", "process_success":"1", "total":"1"}}
{"logTime": "1017/151528", "correlationVector":"OIwzXtBP+LYGbPB0VKBrHA.4","action":"ProcessGetUpdates", "result":"Done", "context":{"dataType":"Saved Tab Group", "deleted":"0", "process_failed_to_decrypt":"0", "process_pending_decryption":"0", "process_success":"8", "total":"8"}}
{"logTime": "1017/151528", "correlationVector":"OIwzXtBP+LYGbPB0VKBrHA.5","action":"GetUpdates Response", "result":"Success", "context":Received 250 update(s). cV=OIwzXtBP+LYGbPB0VKBrHA.0;server=akswtt104000001;cloudType=Consumer;environment=Prod_southeastasia_prod-s01-064-apac-southeastasia;migrationStage=NotStarted Some updates remain.}
{"logTime": "1017/151528", "correlationVector":"loiDpVk/TE0B9EnKJaDJMm","action":"Initial GetUpdates", "result":"", "context":Reason: NEWLY_SUPPORTED_DATATYPE. cV=loiDpVk/TE0B9EnKJaDJMm}
{"logTime": "1017/151529", "correlationVector":"loiDpVk/TE0B9EnKJaDJMm.1","action":"SyncServerConnectionManagerRequest", "result":"SYNC_SERVER_OK", "context":{"environment":"Prod_southeastasia_prod-s01-064-apac-southeastasia", "migrationStage":"NotStarted", "server":"akswtt104000016"}}
{"logTime": "1017/151529", "correlationVector":"loiDpVk/TE0B9EnKJaDJMm.2","action":"ProcessGetUpdates", "result":"Done", "context":{"dataType":"Autofill Profiles", "deleted":"0", "process_failed_to_decrypt":"0", "process_pending_decryption":"0", "process_success":"29", "total":"29"}}
{"logTime": "1017/151529", "correlationVector":"loiDpVk/TE0B9EnKJaDJMm.3","action":"ProcessGetUpdates", "result":"Done", "context":{"dataType":"Autofill", "deleted":"0", "process_failed_to_decrypt":"0", "process_pending_decryption":"0", "process_success":"193", "total":"193"}}
{"logTime": "1017/151529", "correlationVector":"loiDpVk/TE0B9EnKJaDJMm.4","action":"ProcessGetUpdates", "result":"Done", "context":{"dataType":"Sessions", "deleted":"10", "process_failed_to_decrypt":"0", "process_pending_decryption":"0", "process_success":"10", "total":"10"}}
{"logTime": "1017/151529", "correlationVector":"loiDpVk/TE0B9EnKJaDJMm.5","action":"ProcessGetUpdates", "result":"Done", "context":{"dataType":"Edge Hub App Usage", "deleted":"14", "process_failed_to_decrypt":"0", "process_pending_decryption":"0", "process_success":"18", "total":"18"}}
{"logTime": "1017/151529", "correlationVector":"loiDpVk/TE0B9EnKJaDJMm.6","action":"GetUpdates Response", "result":"Success", "context":Received 250 update(s). cV=loiDpVk/TE0B9EnKJaDJMm.0;server=akswtt104000016;cloudType=Consumer;environment=Prod_southeastasia_prod-s01-064-apac-southeastasia;migrationStage=NotStarted Some updates remain.}
{"logTime": "1017/151529", "correlationVector":"4wMBWqDZjSD3gQcBFsfJ2k","action":"Initial GetUpdates", "result":"", "context":Reason: NEWLY_SUPPORTED_DATATYPE. cV=4wMBWqDZjSD3gQcBFsfJ2k}
{"logTime": "1017/151530", "correlationVector":"4wMBWqDZjSD3gQcBFsfJ2k.1","action":"SyncServerConnectionManagerRequest", "result":"SYNC_SERVER_OK", "context":{"environment":"Prod_southeastasia_prod-s01-064-apac-southeastasia", "migrationStage":"NotStarted", "server":"akswtt10400000v"}}
{"logTime": "1017/151530", "correlationVector":"4wMBWqDZjSD3gQcBFsfJ2k.2","action":"ProcessGetUpdates", "result":"Done", "context":{"dataType":"Autofill Profiles", "deleted":"1", "process_failed_to_decrypt":"0", "process_pending_decryption":"0", "process_success":"2", "total":"2"}}
{"logTime": "1017/151530", "correlationVector":"4wMBWqDZjSD3gQcBFsfJ2k.3","action":"ProcessGetUpdates", "result":"Done", "context":{"dataType":"Autofill", "deleted":"0", "process_failed_to_decrypt":"0", "process_pending_decryption":"0", "process_success":"223", "total":"223"}}
{"logTime": "1017/151530", "correlationVector":"4wMBWqDZjSD3gQcBFsfJ2k.4","action":"ProcessGetUpdates", "result":"Done", "context":{"dataType":"Extensions", "deleted":"0", "process_failed_to_decrypt":"0", "process_pending_decryption":"0", "process_success":"4", "total":"4"}}
{"logTime": "1017/151530", "correlationVector":"4wMBWqDZjSD3gQcBFsfJ2k.5","action":"ProcessGetUpdates", "result":"Done", "context":{"dataType":"Sessions", "deleted":"10", "process_failed_to_decrypt":"0", "process_pending_decryption":"0", "process_success":"10", "total":"10"}}
{"logTime": "1017/151530", "correlationVector":"4wMBWqDZjSD3gQcBFsfJ2k.6","action":"ProcessGetUpdates", "result":"Done", "context":{"dataType":"Extension settings", "deleted":"0", "process_failed_to_decrypt":"0", "process_pending_decryption":"0", "process_success":"10", "total":"10"}}
{"logTime": "1017/151530", "correlationVector":"4wMBWqDZjSD3gQcBFsfJ2k.7","action":"ProcessGetUpdates", "result":"Done", "context":{"dataType":"Edge Hub App Usage", "deleted":"0", "process_failed_to_decrypt":"0", "process_pending_decryption":"0", "process_success":"1", "total":"1"}}
{"logTime": "1017/151530", "correlationVector":"4wMBWqDZjSD3gQcBFsfJ2k.8","action":"GetUpdates Response", "result":"Success", "context":Received 250 update(s). cV=4wMBWqDZjSD3gQcBFsfJ2k.0;server=akswtt10400000v;cloudType=Consumer;environment=Prod_southeastasia_prod-s01-064-apac-southeastasia;migrationStage=NotStarted Some updates remain.}
{"logTime": "1017/151530", "correlationVector":"zMJ+GOTyt3mXZNJZu7YhjV","action":"Initial GetUpdates", "result":"", "context":Reason: NEWLY_SUPPORTED_DATATYPE. cV=zMJ+GOTyt3mXZNJZu7YhjV}
{"logTime": "1017/151531", "correlationVector":"zMJ+GOTyt3mXZNJZu7YhjV.1","action":"SyncServerConnectionManagerRequest", "result":"SYNC_SERVER_OK", "context":{"environment":"Prod_southeastasia_prod-s01-064-apac-southeastasia", "migrationStage":"NotStarted", "server":"akswtt104000017"}}
{"logTime": "1017/151531", "correlationVector":"zMJ+GOTyt3mXZNJZu7YhjV.2","action":"ProcessGetUpdates", "result":"Done", "context":{"dataType":"Autofill Profiles", "deleted":"0", "process_failed_to_decrypt":"0", "process_pending_decryption":"0", "process_success":"4", "total":"4"}}
{"logTime": "1017/151531", "correlationVector":"zMJ+GOTyt3mXZNJZu7YhjV.3","action":"ProcessGetUpdates", "result":"Done", "context":{"dataType":"Autofill", "deleted":"0", "process_failed_to_decrypt":"0", "process_pending_decryption":"0", "process_success":"33", "total":"33"}}
{"logTime": "1017/151531", "correlationVector":"zMJ+GOTyt3mXZNJZu7YhjV.4","action":"ProcessGetUpdates", "result":"Done", "context":{"dataType":"Extensions", "deleted":"0", "process_failed_to_decrypt":"0", "process_pending_decryption":"0", "process_success":"6", "total":"6"}}
{"logTime": "1017/151531", "correlationVector":"zMJ+GOTyt3mXZNJZu7YhjV.5","action":"ProcessGetUpdates", "result":"Done", "context":{"dataType":"Sessions", "deleted":"179", "process_failed_to_decrypt":"0", "process_pending_decryption":"0", "process_success":"183", "total":"183"}}
{"logTime": "1017/151531", "correlationVector":"zMJ+GOTyt3mXZNJZu7YhjV.6","action":"ProcessGetUpdates", "result":"Done", "context":{"dataType":"Extension settings", "deleted":"0", "process_failed_to_decrypt":"0", "process_pending_decryption":"0", "process_success":"9", "total":"9"}}
{"logTime": "1017/151531", "correlationVector":"zMJ+GOTyt3mXZNJZu7YhjV.7","action":"ProcessGetUpdates", "result":"Done", "context":{"dataType":"Edge Hub App Usage", "deleted":"0", "process_failed_to_decrypt":"0", "process_pending_decryption":"0", "process_success":"14", "total":"14"}}
{"logTime": "1017/151531", "correlationVector":"zMJ+GOTyt3mXZNJZu7YhjV.8","action":"GetUpdates Response", "result":"Success", "context":Received 249 update(s). cV=zMJ+GOTyt3mXZNJZu7YhjV.0;server=akswtt104000017;cloudType=Consumer;environment=Prod_southeastasia_prod-s01-064-apac-southeastasia;migrationStage=NotStarted}
{"logTime": "1017/151531", "correlationVector":"Wxxnj/msBd6+iRVlR6SwE6","action":"Initial GetUpdates", "result":"", "context":Reason: NEWLY_SUPPORTED_DATATYPE. cV=Wxxnj/msBd6+iRVlR6SwE6}
{"logTime": "1017/151533", "correlationVector":"Wxxnj/msBd6+iRVlR6SwE6.1","action":"SyncServerConnectionManagerRequest", "result":"SYNC_SERVER_OK", "context":{"environment":"Prod_southeastasia_prod-s01-064-apac-southeastasia", "migrationStage":"NotStarted", "server":"akswtt10400000v"}}
{"logTime": "1017/151533", "correlationVector":"Wxxnj/msBd6+iRVlR6SwE6.2","action":"ProcessGetUpdates", "result":"Done", "context":{"dataType":"History", "deleted":"0", "process_failed_to_decrypt":"0", "process_pending_decryption":"0", "process_success":"250", "total":"250"}}
{"logTime": "1017/151533", "correlationVector":"Wxxnj/msBd6+iRVlR6SwE6.3","action":"GetUpdates Response", "result":"Success", "context":Received 250 update(s). cV=Wxxnj/msBd6+iRVlR6SwE6.0;server=akswtt10400000v;cloudType=Consumer;environment=Prod_southeastasia_prod-s01-064-apac-southeastasia;migrationStage=NotStarted Some updates remain.}
{"logTime": "1017/151533", "correlationVector":"Y6CZywNA0K53DfQMSixMtZ","action":"Initial GetUpdates", "result":"", "context":Reason: NEWLY_SUPPORTED_DATATYPE. cV=Y6CZywNA0K53DfQMSixMtZ}
{"logTime": "1017/151533", "correlationVector":"Y6CZywNA0K53DfQMSixMtZ.1","action":"SyncServerConnectionManagerRequest", "result":"SYNC_SERVER_OK", "context":{"environment":"Prod_southeastasia_prod-s01-064-apac-southeastasia", "migrationStage":"NotStarted", "server":"akswtt10400000y"}}
{"logTime": "1017/151533", "correlationVector":"Y6CZywNA0K53DfQMSixMtZ.2","action":"ProcessGetUpdates", "result":"Done", "context":{"dataType":"History", "deleted":"0", "process_failed_to_decrypt":"0", "process_pending_decryption":"0", "process_success":"250", "total":"250"}}
{"logTime": "1017/151533", "correlationVector":"Y6CZywNA0K53DfQMSixMtZ.3","action":"GetUpdates Response", "result":"Success", "context":Received 250 update(s). cV=Y6CZywNA0K53DfQMSixMtZ.0;server=akswtt10400000y;cloudType=Consumer;environment=Prod_southeastasia_prod-s01-064-apac-southeastasia;migrationStage=NotStarted Some updates remain.}
{"logTime": "1017/151533", "correlationVector":"DRKTXxDZMUAOo+sRYgwF9C","action":"Initial GetUpdates", "result":"", "context":Reason: NEWLY_SUPPORTED_DATATYPE. cV=DRKTXxDZMUAOo+sRYgwF9C}
{"logTime": "1017/151534", "correlationVector":"DRKTXxDZMUAOo+sRYgwF9C.1","action":"SyncServerConnectionManagerRequest", "result":"SYNC_SERVER_OK", "context":{"environment":"Prod_southeastasia_prod-s01-064-apac-southeastasia", "migrationStage":"NotStarted", "server":"akswtt104000011"}}
{"logTime": "1017/151534", "correlationVector":"DRKTXxDZMUAOo+sRYgwF9C.2","action":"ProcessGetUpdates", "result":"Done", "context":{"dataType":"History", "deleted":"0", "process_failed_to_decrypt":"0", "process_pending_decryption":"0", "process_success":"250", "total":"250"}}
{"logTime": "1017/151534", "correlationVector":"DRKTXxDZMUAOo+sRYgwF9C.3","action":"GetUpdates Response", "result":"Success", "context":Received 250 update(s). cV=DRKTXxDZMUAOo+sRYgwF9C.0;server=akswtt104000011;cloudType=Consumer;environment=Prod_southeastasia_prod-s01-064-apac-southeastasia;migrationStage=NotStarted Some updates remain.}
{"logTime": "1017/151534", "correlationVector":"/UBkfd0jUrTAuPJkwuqDUH","action":"Initial GetUpdates", "result":"", "context":Reason: NEWLY_SUPPORTED_DATATYPE. cV=/UBkfd0jUrTAuPJkwuqDUH}
{"logTime": "1017/151535", "correlationVector":"/UBkfd0jUrTAuPJkwuqDUH.1","action":"SyncServerConnectionManagerRequest", "result":"SYNC_SERVER_OK", "context":{"environment":"Prod_southeastasia_prod-s01-064-apac-southeastasia", "migrationStage":"NotStarted", "server":"akswtt10400000q"}}
{"logTime": "1017/151535", "correlationVector":"/UBkfd0jUrTAuPJkwuqDUH.2","action":"ProcessGetUpdates", "result":"Done", "context":{"dataType":"History", "deleted":"0", "process_failed_to_decrypt":"0", "process_pending_decryption":"0", "process_success":"250", "total":"250"}}
{"logTime": "1017/151535", "correlationVector":"/UBkfd0jUrTAuPJkwuqDUH.3","action":"GetUpdates Response", "result":"Success", "context":Received 250 update(s). cV=/UBkfd0jUrTAuPJkwuqDUH.0;server=akswtt10400000q;cloudType=Consumer;environment=Prod_southeastasia_prod-s01-064-apac-southeastasia;migrationStage=NotStarted Some updates remain.}
{"logTime": "1017/151535", "correlationVector":"AYp92ZydHCxJ+O74+dU/Ct","action":"Initial GetUpdates", "result":"", "context":Reason: NEWLY_SUPPORTED_DATATYPE. cV=AYp92ZydHCxJ+O74+dU/Ct}
{"logTime": "1017/151536", "correlationVector":"AYp92ZydHCxJ+O74+dU/Ct.1","action":"SyncServerConnectionManagerRequest", "result":"SYNC_SERVER_OK", "context":{"environment":"Prod_southeastasia_prod-s01-064-apac-southeastasia", "migrationStage":"NotStarted", "server":"akswtt10400000p"}}
{"logTime": "1017/151536", "correlationVector":"AYp92ZydHCxJ+O74+dU/Ct.2","action":"ProcessGetUpdates", "result":"Done", "context":{"dataType":"History", "deleted":"0", "process_failed_to_decrypt":"0", "process_pending_decryption":"0", "process_success":"250", "total":"250"}}
{"logTime": "1017/151536", "correlationVector":"AYp92ZydHCxJ+O74+dU/Ct.3","action":"GetUpdates Response", "result":"Success", "context":Received 250 update(s). cV=AYp92ZydHCxJ+O74+dU/Ct.0;server=akswtt10400000p;cloudType=Consumer;environment=Prod_southeastasia_prod-s01-064-apac-southeastasia;migrationStage=NotStarted Some updates remain.}
{"logTime": "1017/151536", "correlationVector":"Yr+OUPZhZIsnI4tEp/U2n1","action":"Initial GetUpdates", "result":"", "context":Reason: NEWLY_SUPPORTED_DATATYPE. cV=Yr+OUPZhZIsnI4tEp/U2n1}
{"logTime": "1017/151537", "correlationVector":"Yr+OUPZhZIsnI4tEp/U2n1.1","action":"SyncServerConnectionManagerRequest", "result":"SYNC_SERVER_OK", "context":{"environment":"Prod_southeastasia_prod-s01-064-apac-southeastasia", "migrationStage":"NotStarted", "server":"akswtt10400000p"}}
{"logTime": "1017/151537", "correlationVector":"Yr+OUPZhZIsnI4tEp/U2n1.2","action":"ProcessGetUpdates", "result":"Done", "context":{"dataType":"History", "deleted":"0", "process_failed_to_decrypt":"0", "process_pending_decryption":"0", "process_success":"250", "total":"250"}}
{"logTime": "1017/151537", "correlationVector":"Yr+OUPZhZIsnI4tEp/U2n1.3","action":"GetUpdates Response", "result":"Success", "context":Received 250 update(s). cV=Yr+OUPZhZIsnI4tEp/U2n1.0;server=akswtt10400000p;cloudType=Consumer;environment=Prod_southeastasia_prod-s01-064-apac-southeastasia;migrationStage=NotStarted Some updates remain.}
{"logTime": "1017/151537", "correlationVector":"lqAKAbj2/YYL++NgBOXt+f","action":"Initial GetUpdates", "result":"", "context":Reason: NEWLY_SUPPORTED_DATATYPE. cV=lqAKAbj2/YYL++NgBOXt+f}
{"logTime": "1017/151538", "correlationVector":"lqAKAbj2/YYL++NgBOXt+f.1","action":"SyncServerConnectionManagerRequest", "result":"SYNC_SERVER_OK", "context":{"environment":"Prod_southeastasia_prod-s01-064-apac-southeastasia", "migrationStage":"NotStarted", "server":"akswtt104000013"}}
{"logTime": "1017/151538", "correlationVector":"lqAKAbj2/YYL++NgBOXt+f.2","action":"ProcessGetUpdates", "result":"Done", "context":{"dataType":"History", "deleted":"0", "process_failed_to_decrypt":"0", "process_pending_decryption":"0", "process_success":"250", "total":"250"}}
{"logTime": "1017/151538", "correlationVector":"lqAKAbj2/YYL++NgBOXt+f.3","action":"GetUpdates Response", "result":"Success", "context":Received 250 update(s). cV=lqAKAbj2/YYL++NgBOXt+f.0;server=akswtt104000013;cloudType=Consumer;environment=Prod_southeastasia_prod-s01-064-apac-southeastasia;migrationStage=NotStarted Some updates remain.}
{"logTime": "1017/151538", "correlationVector":"783BdcOMleL1Qx5if/ZLxq","action":"Initial GetUpdates", "result":"", "context":Reason: NEWLY_SUPPORTED_DATATYPE. cV=783BdcOMleL1Qx5if/ZLxq}
{"logTime": "1017/151539", "correlationVector":"783BdcOMleL1Qx5if/ZLxq.1","action":"SyncServerConnectionManagerRequest", "result":"SYNC_SERVER_OK", "context":{"environment":"Prod_southeastasia_prod-s01-064-apac-southeastasia", "migrationStage":"NotStarted", "server":"akswtt10400000x"}}
{"logTime": "1017/151539", "correlationVector":"783BdcOMleL1Qx5if/ZLxq.2","action":"ProcessGetUpdates", "result":"Done", "context":{"dataType":"History", "deleted":"0", "process_failed_to_decrypt":"0", "process_pending_decryption":"0", "process_success":"250", "total":"250"}}
{"logTime": "1017/151539", "correlationVector":"783BdcOMleL1Qx5if/ZLxq.3","action":"GetUpdates Response", "result":"Success", "context":Received 250 update(s). cV=783BdcOMleL1Qx5if/ZLxq.0;server=akswtt10400000x;cloudType=Consumer;environment=Prod_southeastasia_prod-s01-064-apac-southeastasia;migrationStage=NotStarted Some updates remain.}
{"logTime": "1017/151539", "correlationVector":"RBWq511BZdHxoZTBMNKHW2","action":"Initial GetUpdates", "result":"", "context":Reason: NEWLY_SUPPORTED_DATATYPE. cV=RBWq511BZdHxoZTBMNKHW2}
{"logTime": "1017/151539", "correlationVector":"RBWq511BZdHxoZTBMNKHW2.1","action":"SyncServerConnectionManagerRequest", "result":"SYNC_SERVER_OK", "context":{"environment":"Prod_southeastasia_prod-s01-064-apac-southeastasia", "migrationStage":"NotStarted", "server":"akswtt10400000x"}}
{"logTime": "1017/151539", "correlationVector":"RBWq511BZdHxoZTBMNKHW2.2","action":"ProcessGetUpdates", "result":"Done", "context":{"dataType":"History", "deleted":"0", "process_failed_to_decrypt":"0", "process_pending_decryption":"0", "process_success":"41", "total":"41"}}
{"logTime": "1017/151539", "correlationVector":"RBWq511BZdHxoZTBMNKHW2.3","action":"GetUpdates Response", "result":"Success", "context":Received 41 update(s). cV=RBWq511BZdHxoZTBMNKHW2.0;server=akswtt10400000x;cloudType=Consumer;environment=Prod_southeastasia_prod-s01-064-apac-southeastasia;migrationStage=NotStarted}
{"logTime": "1017/151539", "correlationVector":"244Crj3mOGDYA6yYnY7ZNm","action":"Normal GetUpdate request", "result":"", "context":cV=244Crj3mOGDYA6yYnY7ZNm
Nudged types: Sessions, Device Info, User Consents
Refresh requested types: Bookmarks, Preferences, Passwords, Autofill Profiles, Autofill, Extensions, Sessions, Extension settings, History Delete Directives, Device Info, User Consents, Send Tab To Self, Web Apps, History, Saved Tab Group, WebAuthn Credentials, Collection, Edge E Drop, Edge Hub App Usage, Edge Wallet, Encryption Keys}
{"logTime": "1017/151540", "correlationVector":"244Crj3mOGDYA6yYnY7ZNm.1","action":"SyncServerConnectionManagerRequest", "result":"SYNC_SERVER_OK", "context":{"environment":"Prod_southeastasia_prod-s01-064-apac-southeastasia", "migrationStage":"NotStarted", "server":"akswtt104000001"}}
{"logTime": "1017/151540", "correlationVector":"244Crj3mOGDYA6yYnY7ZNm.2","action":"GetUpdates Response", "result":"Success", "context":Received 0 update(s). cV=244Crj3mOGDYA6yYnY7ZNm.0;server=akswtt104000001;cloudType=Consumer;environment=Prod_southeastasia_prod-s01-064-apac-southeastasia;migrationStage=NotStarted}
{"logTime": "1017/151540", "correlationVector":"/P3qgVX/DuSrT1nt7yJCWN","action":"DoCompareDataConsistency requsted types: ", "result":"Bookmarks, Preferences, Passwords, Extensions, Extension settings, History Delete Directives, Send Tab To Self, Web Apps, History, Saved Tab Group, WebAuthn Credentials, Collection, Edge E Drop, Edge Wallet, Encryption Keys"}
{"logTime": "1017/151540", "correlationVector":"/P3qgVX/DuSrT1nt7yJCWN.0","action":"CompareDataConsistency result: ", "result":"Compare result: Encryption Keys is consistent. local entities count is: 1 local entities hash is: FP0WZVXSBgmWprtTXrmZNYkpJoU="}
{"logTime": "1017/151540", "correlationVector":"/P3qgVX/DuSrT1nt7yJCWN.1","action":"CompareDataConsistency result: ", "result":"Compare result: Bookmarks is consistent. local entities count is: 102 local entities hash is: aeOnnX5Jbd68FWrqNHESWz1JTdE="}
{"logTime": "1017/151540", "correlationVector":"/P3qgVX/DuSrT1nt7yJCWN.2","action":"CompareDataConsistency result: ", "result":"Compare result: Preferences is consistent. local entities count is: 93 local entities hash is: euD2SVL5re1xJQ6euqebH67+EOM="}
{"logTime": "1017/151540", "correlationVector":"/P3qgVX/DuSrT1nt7yJCWN.3","action":"CompareDataConsistency result: ", "result":"Compare result: Extensions is consistent. local entities count is: 11 local entities hash is: ZmcRivppn8VCgYxrKQ+kxAA1saM="}
{"logTime": "1017/151540", "correlationVector":"/P3qgVX/DuSrT1nt7yJCWN.4","action":"CompareDataConsistency result: ", "result":"Compare result: Extension settings is consistent. local entities count is: 19 local entities hash is: 5mWX2UEtLoVxxC9Rn7fpGg6qAwM="}
{"logTime": "1017/151540", "correlationVector":"/P3qgVX/DuSrT1nt7yJCWN.5","action":"CompareDataConsistency result: ", "result":"Compare result: History Delete Directives is consistent. local entities count is: 0 local entities hash is: "}
{"logTime": "1017/151540", "correlationVector":"/P3qgVX/DuSrT1nt7yJCWN.6","action":"CompareDataConsistency result: ", "result":"Server did not send this Send Tab To Self local entities count is: 0 local entities hash is: "}
{"logTime": "1017/151540", "correlationVector":"/P3qgVX/DuSrT1nt7yJCWN.7","action":"CompareDataConsistency result: ", "result":"Compare result: Web Apps is consistent. local entities count is: 0 local entities hash is: "}
{"logTime": "1017/151540", "correlationVector":"/P3qgVX/DuSrT1nt7yJCWN.8","action":"CompareDataConsistency result: ", "result":"Server did not send this History local entities count is: 0 local entities hash is: "}
{"logTime": "1017/151540", "correlationVector":"/P3qgVX/DuSrT1nt7yJCWN.9","action":"CompareDataConsistency result: ", "result":"Compare result: Saved Tab Group is consistent. local entities count is: 8 local entities hash is: QRiWVcEzKdwseGji9J2pEZ2ddpM="}
{"logTime": "1017/151540", "correlationVector":"/P3qgVX/DuSrT1nt7yJCWN.10","action":"CompareDataConsistency result: ", "result":"Server did not send this WebAuthn Credentials local entities count is: 0 local entities hash is: "}
{"logTime": "1017/151540", "correlationVector":"/P3qgVX/DuSrT1nt7yJCWN.11","action":"CompareDataConsistency result: ", "result":"Compare result: Collection is consistent. local entities count is: 0 local entities hash is: "}
{"logTime": "1017/151540", "correlationVector":"/P3qgVX/DuSrT1nt7yJCWN.12","action":"CompareDataConsistency result: ", "result":"Compare result: Edge E Drop is consistent. local entities count is: 0 local entities hash is: "}
{"logTime": "1017/151540", "correlationVector":"/P3qgVX/DuSrT1nt7yJCWN.13","action":"CompareDataConsistency result: ", "result":"Compare result: Edge Wallet is consistent. local entities count is: 0 local entities hash is: "}
{"logTime": "1017/151540", "correlationVector":"/P3qgVX/DuSrT1nt7yJCWN.14","action":"CompareDataConsistency result: ", "result":"Compare result: Passwords is consistent. local entities count is: 119 local entities hash is: gyCVsTXVKDp1APFfxh96xGvEJ2g="}
{"logTime": "1017/151540", "correlationVector":"1L7pZKM4Qgo02zH2fthmsr","action":"Commit Request", "result":"", "context":Item count: 5
Contributing types: Sessions, Device Info, User Consents}
{"logTime": "1017/151541", "correlationVector":"1L7pZKM4Qgo02zH2fthmsr.1","action":"SyncServerConnectionManagerRequest", "result":"SYNC_SERVER_OK", "context":{"environment":"Prod_southeastasia_prod-s01-064-apac-southeastasia", "migrationStage":"NotStarted", "server":"akswtt104000001"}}
{"logTime": "1017/151541", "correlationVector":"1L7pZKM4Qgo02zH2fthmsr.2","action":"Commit Response", "result":"Success", "context":Result: Success. cV=1L7pZKM4Qgo02zH2fthmsr.0;server=akswtt104000001;cloudType=Consumer;environment=Prod_southeastasia_prod-s01-064-apac-southeastasia;migrationStage=NotStarted}
{"logTime": "1017/151545", "correlationVector":"niuQPF+AwKu1M1rzdjgHS0","action":"Commit Request", "result":"", "context":Item count: 1
Contributing types: Preferences}
{"logTime": "1017/151545", "correlationVector":"niuQPF+AwKu1M1rzdjgHS0.1","action":"SyncServerConnectionManagerRequest", "result":"SYNC_SERVER_OK", "context":{"environment":"Prod_southeastasia_prod-s01-064-apac-southeastasia", "migrationStage":"NotStarted", "server":"akswtt10400000q"}}
{"logTime": "1017/151545", "correlationVector":"niuQPF+AwKu1M1rzdjgHS0.2","action":"Commit Response", "result":"Success", "context":Result: Success. cV=niuQPF+AwKu1M1rzdjgHS0.0;server=akswtt10400000q;cloudType=Consumer;environment=Prod_southeastasia_prod-s01-064-apac-southeastasia;migrationStage=NotStarted}
{"logTime": "1017/151550", "correlationVector":"","action":"DIAGNOSTIC_REQUEST|v1/diagnosticData/Diagnostic.SendCheckResult()|SUCCESS", "result":""}
{"logTime": "1017/151613", "correlationVector":"KxlcgWM7FXBYB2q2surJTX","action":"Commit Request", "result":"", "context":Item count: 40
Contributing types: Passwords}
{"logTime": "1017/151618", "correlationVector":"KxlcgWM7FXBYB2q2surJTX.1","action":"SyncServerConnectionManagerRequest", "result":"SYNC_SERVER_OK", "context":{"environment":"Prod_southeastasia_prod-s01-065-apac-southeastasia", "migrationStage":"NotStarted", "server":"akswtt10400000q"}}
{"logTime": "1017/151618", "correlationVector":"KxlcgWM7FXBYB2q2surJTX.2","action":"Commit Response", "result":"Success", "context":Result: Success. cV=KxlcgWM7FXBYB2q2surJTX.0;server=akswtt10400000q;cloudType=Consumer;environment=Prod_southeastasia_prod-s01-065-apac-southeastasia;migrationStage=NotStarted}
{"logTime": "1017/151618", "correlationVector":"J4RuaNor/QEy+5DeKZaHfF","action":"Commit Request", "result":"", "context":Item count: 40
Contributing types: Passwords}
{"logTime": "1017/151620", "correlationVector":"J4RuaNor/QEy+5DeKZaHfF.1","action":"SyncServerConnectionManagerRequest", "result":"SYNC_SERVER_OK", "context":{"environment":"Prod_southeastasia_prod-s01-065-apac-southeastasia", "migrationStage":"NotStarted", "server":"akswtt10400000q"}}
{"logTime": "1017/151620", "correlationVector":"J4RuaNor/QEy+5DeKZaHfF.2","action":"Commit Response", "result":"Success", "context":Result: Success. cV=J4RuaNor/QEy+5DeKZaHfF.0;server=akswtt10400000q;cloudType=Consumer;environment=Prod_southeastasia_prod-s01-065-apac-southeastasia;migrationStage=NotStarted}
{"logTime": "1017/151620", "correlationVector":"IGsCkcBsYwetxlW6pfMrBZ","action":"Commit Request", "result":"", "context":Item count: 20
Contributing types: Passwords}
{"logTime": "1017/151621", "correlationVector":"IGsCkcBsYwetxlW6pfMrBZ.1","action":"SyncServerConnectionManagerRequest", "result":"SYNC_SERVER_OK", "context":{"environment":"Prod_southeastasia_prod-s01-065-apac-southeastasia", "migrationStage":"NotStarted", "server":"akswtt10400000k"}}
{"logTime": "1017/151621", "correlationVector":"IGsCkcBsYwetxlW6pfMrBZ.2","action":"Commit Response", "result":"Success", "context":Result: Success. cV=IGsCkcBsYwetxlW6pfMrBZ.0;server=akswtt10400000k;cloudType=Consumer;environment=Prod_southeastasia_prod-s01-065-apac-southeastasia;migrationStage=NotStarted}
{"logTime": "1017/151841", "correlationVector":"BXDWiUX6zg1R39Mu8swWMh","action":"Commit Request", "result":"", "context":Item count: 37
Contributing types: Preferences, Passwords}
{"logTime": "1017/151846", "correlationVector":"BXDWiUX6zg1R39Mu8swWMh.1","action":"SyncServerConnectionManagerRequest", "result":"SYNC_SERVER_OK", "context":{"environment":"Prod_southeastasia_prod-s01-064-apac-southeastasia", "migrationStage":"NotStarted", "server":"akswtt104000013"}}
{"logTime": "1017/151846", "correlationVector":"BXDWiUX6zg1R39Mu8swWMh.2","action":"Commit Response", "result":"Success", "context":Result: Success. cV=BXDWiUX6zg1R39Mu8swWMh.0;server=akswtt104000013;cloudType=Consumer;environment=Prod_southeastasia_prod-s01-064-apac-southeastasia;migrationStage=NotStarted}
{"logTime": "1017/152703", "correlationVector":"FU8hMAW/Jyx50q3McfPNFj","action":"Commit Request", "result":"", "context":Item count: 4
Contributing types: Sessions, History}
{"logTime": "1017/152705", "correlationVector":"FU8hMAW/Jyx50q3McfPNFj.1","action":"SyncServerConnectionManagerRequest", "result":"SYNC_SERVER_OK", "context":{"environment":"Prod_southeastasia_prod-s01-064-apac-southeastasia", "migrationStage":"NotStarted", "server":"akswtt10400000u"}}
{"logTime": "1017/152705", "correlationVector":"FU8hMAW/Jyx50q3McfPNFj.2","action":"Commit Response", "result":"Success", "context":Result: Success. cV=FU8hMAW/Jyx50q3McfPNFj.0;server=akswtt10400000u;cloudType=Consumer;environment=Prod_southeastasia_prod-s01-064-apac-southeastasia;migrationStage=NotStarted}
{"logTime": "1017/153255", "correlationVector":"/fxYz9pALzirmN6Pg80fQS","action":"Commit Request", "result":"", "context":Item count: 4
Contributing types: Sessions, History}
{"logTime": "1017/153256", "correlationVector":"/fxYz9pALzirmN6Pg80fQS.1","action":"SyncServerConnectionManagerRequest", "result":"SYNC_SERVER_OK", "context":{"environment":"Prod_southeastasia_prod-s01-065-apac-southeastasia", "migrationStage":"NotStarted", "server":"akswtt10400000l"}}
{"logTime": "1017/153256", "correlationVector":"/fxYz9pALzirmN6Pg80fQS.2","action":"Commit Response", "result":"Success", "context":Result: Success. cV=/fxYz9pALzirmN6Pg80fQS.0;server=akswtt10400000l;cloudType=Consumer;environment=Prod_southeastasia_prod-s01-065-apac-southeastasia;migrationStage=NotStarted}
